<?xml version="1.0" encoding="UTF-8"?>
<testsuite xmlns:xsi="http://www.w3.org/2001/XMLSchema-instance" xsi:noNamespaceSchemaLocation="https://maven.apache.org/surefire/maven-surefire-plugin/xsd/surefire-test-report-3.0.xsd" version="3.0" name="org.employee.EmployeeAnalyzerTest" time="1.094" tests="3" errors="0" skipped="0" failures="0">
  <properties>
[...]
</properties>
  <testcase name="testAnalyzeReportingLines" classname="org.employee.EmployeeAnalyzerTest" time="0.768"/>
  <testcase name="testLoadEmployees" classname="org.employee.EmployeeAnalyzerTest" time="0.046"/>
  <testcase name="testAnalyzeSalaries" classname="org.employee.EmployeeAnalyzerTest" time="0.073"/>
</testsuite>